<?xml version="1.0" encoding="UTF-8"?>
<!-- Generated by org.testng.reporters.JUnitReportReporter -->
<testsuite hostname="sys" name="day27.ControlPOM" tests="1" failures="0" timestamp="27 Aug 2015 04:05:30 GMT" time="21.382" errors="0">
  <testcase name="pomtest" time="21.382" classname="day27.ControlPOM"/>
</testsuite> <!-- day27.ControlPOM -->
