<?xml version="1.0" encoding="UTF-8"?>
<!-- Generated by org.testng.reporters.JUnitReportReporter -->
<testsuite hostname="sys" name="day16.ExplicitWait_FluentWait" tests="1" failures="0" timestamp="11 Aug 2015 04:46:10 GMT" time="20.627" errors="0">
  <testcase name="waitTest" time="20.627" classname="day16.ExplicitWait_FluentWait"/>
</testsuite> <!-- day16.ExplicitWait_FluentWait -->
