<?xml version="1.0" encoding="UTF-8"?>
<!-- Generated by org.testng.reporters.JUnitReportReporter -->
<testsuite hostname="sys" name="day11.CaptchaAutomation" tests="1" failures="0" timestamp="7 Aug 2015 05:31:49 GMT" time="77.189" errors="0">
  <testcase name="captchaTest" time="77.189" classname="day11.CaptchaAutomation"/>
</testsuite> <!-- day11.CaptchaAutomation -->
