<?xml version="1.0" encoding="UTF-8"?>
<!-- Generated by org.testng.reporters.JUnitReportReporter -->
<testsuite hostname="sys" name="day20.LoginusingProperties" tests="1" failures="0" timestamp="18 Aug 2015 04:23:22 GMT" time="24.897" errors="0">
  <testcase name="loginTest" time="24.897" classname="day20.LoginusingProperties"/>
</testsuite> <!-- day20.LoginusingProperties -->
