<?xml version="1.0" encoding="UTF-8"?>
<!-- Generated by org.testng.reporters.JUnitReportReporter -->
<testsuite hostname="sys" name="day25.YahooLoginDataProvider" tests="2" failures="0" timestamp="24 Aug 2015 05:07:52 GMT" time="51.186" errors="0">
  <testcase name="loginTest" time="20.305" classname="day25.YahooLoginDataProvider"/>
  <testcase name="loginTest" time="30.881" classname="day25.YahooLoginDataProvider"/>
</testsuite> <!-- day25.YahooLoginDataProvider -->
