<?xml version="1.0" encoding="UTF-8"?>
<!-- Generated by org.testng.reporters.JUnitReportReporter -->
<testsuite hostname="sys" name="day11.XpathCreation" tests="1" failures="0" timestamp="5 Aug 2015 04:07:04 GMT" time="21.972" errors="0">
  <testcase name="xpathTest" time="21.972" classname="day11.XpathCreation"/>
</testsuite> <!-- day11.XpathCreation -->
