<?xml version="1.0" encoding="UTF-8"?>
<!-- Generated by org.testng.reporters.JUnitReportReporter -->
<testsuite hostname="sys" name="day18.DatadrivenTesting1" tests="1" failures="0" timestamp="13 Aug 2015 04:38:36 GMT" time="57.876" errors="0">
  <testcase name="linksTest" time="57.876" classname="day18.DatadrivenTesting1"/>
</testsuite> <!-- day18.DatadrivenTesting1 -->
