<?xml version="1.0" encoding="UTF-8"?>
<!-- Generated by org.testng.reporters.JUnitReportReporter -->
<testsuite hostname="sys" name="day27.ClickOnelementusingJavascriptExecutor" tests="1" failures="0" timestamp="27 Aug 2015 05:26:58 GMT" time="19.082" errors="0">
  <testcase name="sampleTest" time="19.082" classname="day27.ClickOnelementusingJavascriptExecutor"/>
</testsuite> <!-- day27.ClickOnelementusingJavascriptExecutor -->
