<?xml version="1.0" encoding="UTF-8"?>
<!-- Generated by org.testng.reporters.JUnitReportReporter -->
<testsuite hostname="sys" name="day14.WebtableTesting1" tests="1" failures="0" timestamp="8 Aug 2015 04:29:59 GMT" time="13.168" errors="0">
  <testcase name="webtableTest" time="13.168" classname="day14.WebtableTesting1"/>
</testsuite> <!-- day14.WebtableTesting1 -->
