<?xml version="1.0" encoding="UTF-8"?>
<!-- Generated by org.testng.reporters.JUnitReportReporter -->
<testsuite hostname="sys" name="day19.DatadrivenTesting3" tests="1" failures="0" timestamp="14 Aug 2015 04:20:24 GMT" time="41.468" errors="0">
  <testcase name="linksTest" time="41.468" classname="day19.DatadrivenTesting3"/>
</testsuite> <!-- day19.DatadrivenTesting3 -->
