<?xml version="1.0" encoding="UTF-8"?>
<!-- Generated by org.testng.reporters.JUnitReportReporter -->
<testsuite hostname="sys" name="day17.DropdownExcel" tests="1" failures="0" timestamp="13 Aug 2015 05:30:01 GMT" time="76.713" errors="0">
  <testcase name="excelDropdown" time="76.713" classname="day17.DropdownExcel"/>
</testsuite> <!-- day17.DropdownExcel -->
