<?xml version="1.0" encoding="UTF-8"?>
<!-- Generated by org.testng.reporters.JUnitReportReporter -->
<testsuite hostname="sys" name="day23.Login" tests="1" failures="0" timestamp="21 Aug 2015 05:00:46 GMT" time="20.874" errors="0">
  <testcase name="loginTest" time="20.874" classname="day23.Login"/>
</testsuite> <!-- day23.Login -->
