<?xml version="1.0" encoding="UTF-8"?>
<!-- Generated by org.testng.reporters.JUnitReportReporter -->
<testsuite hostname="sys" name="day20.Login" tests="1" failures="0" timestamp="18 Aug 2015 04:58:37 GMT" time="24.660" errors="0">
  <testcase name="loginTest" time="24.660" classname="day20.Login"/>
</testsuite> <!-- day20.Login -->
