<?xml version="1.0" encoding="UTF-8"?>
<!-- Generated by org.testng.reporters.JUnitReportReporter -->
<testsuite hostname="sys" name="day4.CaptchaAutomation" tests="1" failures="0" timestamp="5 Aug 2015 05:30:12 GMT" time="39.457" errors="0">
  <testcase name="captchaTest" time="39.457" classname="day4.CaptchaAutomation"/>
</testsuite> <!-- day4.CaptchaAutomation -->
