<?xml version="1.0" encoding="UTF-8"?>
<!-- Generated by org.testng.reporters.JUnitReportReporter -->
<testsuite hostname="sys" name="day9.Sample" tests="2" failures="0" timestamp="1 Aug 2015 06:11:55 GMT" time="0.017" errors="0">
  <testcase name="loginTest" time="0.006" classname="day9.Sample"/>
  <testcase name="regTest" time="0.011" classname="day9.Sample"/>
</testsuite> <!-- day9.Sample -->
