<?xml version="1.0" encoding="UTF-8"?>
<!-- Generated by org.testng.reporters.JUnitReportReporter -->
<testsuite hostname="sys" name="StoringLinksandImages" tests="1" failures="0" timestamp="12 Aug 2015 04:07:12 GMT" time="20.633" errors="0">
  <testcase name="linksandImages" time="20.633" classname="StoringLinksandImages"/>
</testsuite> <!-- StoringLinksandImages -->
