<?xml version="1.0" encoding="UTF-8"?>
<!-- Generated by org.testng.reporters.JUnitReportReporter -->
<testsuite hostname="sys" name="day10.RadioButtonsTesting1" tests="1" failures="0" timestamp="3 Aug 2015 04:49:20 GMT" time="19.969" errors="0">
  <testcase name="radioButtonsTest" time="19.969" classname="day10.RadioButtonsTesting1"/>
</testsuite> <!-- day10.RadioButtonsTesting1 -->
