<?xml version="1.0" encoding="UTF-8"?>
<!-- Generated by org.testng.reporters.JUnitReportReporter -->
<testsuite hostname="sys" name="day14.SliderAutomation" tests="1" failures="0" timestamp="8 Aug 2015 04:14:26 GMT" time="13.922" errors="0">
  <testcase name="sliderTest" time="13.922" classname="day14.SliderAutomation"/>
</testsuite> <!-- day14.SliderAutomation -->
