<?xml version="1.0" encoding="UTF-8"?>
<!-- Generated by org.testng.reporters.JUnitReportReporter -->
<testsuite hostname="sys" name="day14.DynamicWebtable" tests="1" failures="0" timestamp="8 Aug 2015 04:58:06 GMT" time="18.147" errors="0">
  <testcase name="webtableTest" time="18.147" classname="day14.DynamicWebtable"/>
</testsuite> <!-- day14.DynamicWebtable -->
