<?xml version="1.0" encoding="UTF-8"?>
<!-- Generated by org.testng.reporters.JUnitReportReporter -->
<testsuite hostname="sys" name="day16.ImplicitWait" tests="1" failures="0" timestamp="12 Aug 2015 04:01:50 GMT" time="23.531" errors="0">
  <testcase name="waitTest" time="23.531" classname="day16.ImplicitWait"/>
</testsuite> <!-- day16.ImplicitWait -->
