<?xml version="1.0" encoding="UTF-8"?>
<!-- Generated by org.testng.reporters.JUnitReportReporter -->
<testsuite hostname="sys" name="day13.FramesTesting" tests="1" failures="0" timestamp="7 Aug 2015 04:31:42 GMT" time="13.821" errors="0">
  <testcase name="framesTest" time="13.821" classname="day13.FramesTesting"/>
</testsuite> <!-- day13.FramesTesting -->
