<?xml version="1.0" encoding="UTF-8"?>
<!-- Generated by org.testng.reporters.JUnitReportReporter -->
<testsuite hostname="sys" name="day25.DatadrivenOnGrid" tests="2" failures="0" timestamp="24 Aug 2015 04:52:56 GMT" time="122.219" errors="0">
  <testcase name="linkstest" time="69.499" classname="day25.DatadrivenOnGrid"/>
  <testcase name="linkstest" time="52.720" classname="day25.DatadrivenOnGrid"/>
</testsuite> <!-- day25.DatadrivenOnGrid -->
