<?xml version="1.0" encoding="UTF-8"?>
<!-- Generated by org.testng.reporters.JUnitReportReporter -->
<testsuite hostname="sys" name="day16.CookiesTesting" tests="1" failures="0" timestamp="11 Aug 2015 05:06:37 GMT" time="12.860" errors="0">
  <testcase name="cookiesTest" time="12.860" classname="day16.CookiesTesting"/>
</testsuite> <!-- day16.CookiesTesting -->
