<?xml version="1.0" encoding="UTF-8"?>
<!-- Generated by org.testng.reporters.JUnitReportReporter -->
<testsuite hostname="sys" name="day27.AlertHandling" tests="1" failures="0" timestamp="27 Aug 2015 05:12:32 GMT" time="21.874" errors="0">
  <testcase name="alertTest" time="21.874" classname="day27.AlertHandling"/>
</testsuite> <!-- day27.AlertHandling -->
