<?xml version="1.0" encoding="UTF-8"?>
<!-- Generated by org.testng.reporters.JUnitReportReporter -->
<testsuite hostname="sys" name="day15.CalanderWebtable" tests="1" failures="0" timestamp="10 Aug 2015 04:44:22 GMT" time="24.371" errors="0">
  <testcase name="calanderTest" time="24.371" classname="day15.CalanderWebtable"/>
</testsuite> <!-- day15.CalanderWebtable -->
