<?xml version="1.0" encoding="UTF-8"?>
<!-- Generated by org.testng.reporters.JUnitReportReporter -->
<testsuite hostname="sys" name="day18.DatadrivenTesting2" tests="1" failures="0" timestamp="13 Aug 2015 05:06:50 GMT" time="23.244" errors="0">
  <testcase name="linksTest" time="23.244" classname="day18.DatadrivenTesting2"/>
</testsuite> <!-- day18.DatadrivenTesting2 -->
