<?xml version="1.0" encoding="UTF-8"?>
<!-- Generated by org.testng.reporters.JUnitReportReporter -->
<testsuite hostname="sys" name="day4.DynamicXpaths" tests="1" failures="0" timestamp="5 Aug 2015 05:06:14 GMT" time="18.397" errors="0">
  <testcase name="xpathTest" time="18.397" classname="day4.DynamicXpaths"/>
</testsuite> <!-- day4.DynamicXpaths -->
