<?xml version="1.0" encoding="UTF-8"?>
<!-- Generated by org.testng.reporters.JUnitReportReporter -->
<testsuite hostname="sys" name="day10.RadioButtonsTesting2" tests="1" failures="0" timestamp="3 Aug 2015 05:17:10 GMT" time="28.211" errors="0">
  <testcase name="radioButtonsTest" time="28.211" classname="day10.RadioButtonsTesting2"/>
</testsuite> <!-- day10.RadioButtonsTesting2 -->
