<?xml version="1.0" encoding="UTF-8"?>
<!-- Generated by org.testng.reporters.JUnitReportReporter -->
<testsuite hostname="sys" name="day14.WebtableTesting2" tests="1" failures="0" timestamp="8 Aug 2015 04:43:49 GMT" time="21.454" errors="0">
  <testcase name="webtableTest" time="21.454" classname="day14.WebtableTesting2"/>
</testsuite> <!-- day14.WebtableTesting2 -->
