<?xml version="1.0" encoding="UTF-8"?>
<!-- Generated by org.testng.reporters.JUnitReportReporter -->
<testsuite hostname="sys" name="day26.DBTestingonGrid" tests="2" failures="0" timestamp="25 Aug 2015 05:27:24 GMT" time="82.287" errors="0">
  <testcase name="DBTest" time="35.424" classname="day26.DBTestingonGrid"/>
  <testcase name="DBTest" time="46.863" classname="day26.DBTestingonGrid"/>
</testsuite> <!-- day26.DBTestingonGrid -->
