<?xml version="1.0" encoding="UTF-8"?>
<!-- Generated by org.testng.reporters.JUnitReportReporter -->
<testsuite hostname="sys" name="day23.Links" tests="1" failures="0" timestamp="21 Aug 2015 05:06:08 GMT" time="61.452" errors="0">
  <testcase name="linksTest" time="61.452" classname="day23.Links"/>
</testsuite> <!-- day23.Links -->
