<?xml version="1.0" encoding="UTF-8"?>
<!-- Generated by org.testng.reporters.JUnitReportReporter -->
<testsuite hostname="sys" name="day27.POMDatadrivenTest" tests="1" failures="0" timestamp="27 Aug 2015 04:34:11 GMT" time="39.939" errors="0">
  <testcase name="dataDrivernTest" time="39.939" classname="day27.POMDatadrivenTest"/>
</testsuite> <!-- day27.POMDatadrivenTest -->
