<?xml version="1.0" encoding="UTF-8"?>
<!-- Generated by org.testng.reporters.JUnitReportReporter -->
<testsuite hostname="sys" name="day13.DragandDrop" tests="1" failures="0" timestamp="7 Aug 2015 05:15:29 GMT" time="15.016" errors="0">
  <testcase name="dragandDropTest" time="15.016" classname="day13.DragandDrop"/>
</testsuite> <!-- day13.DragandDrop -->
