<?xml version="1.0" encoding="UTF-8"?>
<!-- Generated by org.testng.reporters.JUnitReportReporter -->
<testsuite hostname="sys" name="day11.XpathCreation2" tests="1" failures="0" timestamp="5 Aug 2015 04:17:35 GMT" time="11.234" errors="0">
  <testcase name="xpathTest" time="11.234" classname="day11.XpathCreation2"/>
</testsuite> <!-- day11.XpathCreation2 -->
