<?xml version="1.0" encoding="UTF-8"?>
<!-- Generated by org.testng.reporters.JUnitReportReporter -->
<testsuite hostname="sys" name="day12.Multiplewindows1" tests="1" failures="0" timestamp="6 Aug 2015 05:11:16 GMT" time="16.486" errors="0">
  <testcase name="multipleWindowTest" time="16.486" classname="day12.Multiplewindows1"/>
</testsuite> <!-- day12.Multiplewindows1 -->
