<?xml version="1.0" encoding="UTF-8"?>
<!-- Generated by org.testng.reporters.JUnitReportReporter -->
<testsuite hostname="sys" name="day13.RightClick" tests="1" failures="0" timestamp="7 Aug 2015 05:04:32 GMT" time="11.064" errors="0">
  <testcase name="rightClickTest" time="11.064" classname="day13.RightClick"/>
</testsuite> <!-- day13.RightClick -->
