<?xml version="1.0" encoding="UTF-8"?>
<!-- Generated by org.testng.reporters.JUnitReportReporter -->
<testsuite hostname="sys" name="day24.YahooLoginuisngGrid" tests="1" failures="0" timestamp="22 Aug 2015 05:11:05 GMT" time="19.506" errors="0">
  <testcase name="loginTest" time="19.506" classname="day24.YahooLoginuisngGrid"/>
</testsuite> <!-- day24.YahooLoginuisngGrid -->
