<?xml version="1.0" encoding="UTF-8"?>
<!-- Generated by org.testng.reporters.JUnitReportReporter -->
<testsuite hostname="sys" name="day11.Xpathcreation3" tests="1" failures="0" timestamp="5 Aug 2015 04:29:51 GMT" time="18.675" errors="0">
  <testcase name="xpathTest" time="18.675" classname="day11.Xpathcreation3"/>
</testsuite> <!-- day11.Xpathcreation3 -->
