<?xml version="1.0" encoding="UTF-8"?>
<!-- Generated by org.testng.reporters.JUnitReportReporter -->
<testsuite hostname="sys" name="day13.MouseHover" tests="1" failures="0" timestamp="7 Aug 2015 04:48:55 GMT" time="14.279" errors="0">
  <testcase name="mouseHoverTest" time="14.279" classname="day13.MouseHover"/>
</testsuite> <!-- day13.MouseHover -->
